
##
rostopic echo /driver/sensor_internal

---
pressure: 1013.64801025
temperature: 29.1938667297
humidity: 37.862739563

# temperature n'est pas bonne

##
rostopic echo /driver/sensor_temperature
temperature: 24.4678611755

# temperature a l'air bonne

##
rostopic echo /driver/sensor_external
---
header: 
  seq: 49
  stamp: 
    secs: 0
    nsecs:         0
  frame_id: ''
pressure: 0.2197265625
temperature: 24.0
stamp: 
  secs: 1590077837
  nsecs: 794985055

# capteur pression externe a l'air bien


##

➜  ~ roslaunch seabot driver.launch

... logging to /home/pi/.ros/log/71a67496-9b7d-11ea-8efb-e84e064b777b/roslaunch-ifremer1-13217.log
Checking log directory for disk usage. This may take a while.
Press Ctrl-C to interrupt
Done checking log file disk usage. Usage is <1GB.

started roslaunch server http://ifremer1:44789/

SUMMARY
========

PARAMETERS
 * /driver/imu/accel_full_scale_range: 16
 * /driver/imu/accel_low_pass_filter: 4
 * /driver/imu/accel_max: [10.20169327, 9.8...
 * /driver/imu/accel_min: [-9.61750807, -9....
 * /driver/imu/axis_rotation: 4
 * /driver/imu/compass_sample_rate: 10
 * /driver/imu/ellipsoid_matrix0: [1, 0, 0]
 * /driver/imu/ellipsoid_matrix1: [0, 1, 0]
 * /driver/imu/ellipsoid_matrix2: [0, 0, 1]
 * /driver/imu/ellipsoid_offset: [0, 0, 0]
 * /driver/imu/fusion_type: 1
 * /driver/imu/gyro_accel_sample_rate: 10
 * /driver/imu/gyro_bias: [-0.00013038, 0.0...
 * /driver/imu/gyro_full_scale_range: 16
 * /driver/imu/gyro_low_pass_filter: 3
 * /driver/imu/i2c_bus: 1
 * /driver/imu/i2c_slave_address: 104
 * /driver/imu/imu_frame: imu_link
 * /driver/imu/imu_type: 7
 * /driver/imu/is_i2c: False
 * /driver/imu/mag_declination: -1.722
 * /driver/imu/publish_euler: True
 * /driver/imu/publish_magnetometer: True
 * /driver/imu/spi_bus: 0
 * /driver/imu/spi_select: 0
 * /driver/imu/spi_speed: 500000
 * /driver/piston/depth_max: 50.0
 * /driver/piston/distance_fast_move: 100
 * /driver/piston/divider_frequency: 5
 * /driver/piston/error_interval: 6
 * /driver/piston/frequency: 25.0
 * /driver/piston/reached_switch_off: True
 * /driver/piston/speed_depth_layer: 5.0
 * /driver/piston/speed_fast_move_factor: 2.0
 * /driver/piston/speed_in_min: 15
 * /driver/piston/speed_in_slope: 0.5
 * /driver/piston/speed_max: 50
 * /driver/piston/speed_out_min: 15
 * /driver/piston/speed_out_slope: 0.5
 * /driver/piston/speed_reset: 25
 * /driver/piston/tick_max: 2500
 * /driver/power/frequency: 0.2
 * /driver/pressure_ext/frequency: 5
 * /driver/pressure_int/frequency: 5
 * /driver/pressure_int/primary_i2c_address: True
 * /driver/temperature_ext/frequency: 5
 * /driver/thruster/allow_backward: False
 * /driver/thruster/coeff_cmd_to_pwm: 9
 * /driver/thruster/delay_stop: 0.5
 * /driver/thruster/frequency: 15.0
 * /driver/thruster/invert_left: False
 * /driver/thruster/invert_right: True
 * /driver/thruster/max_angular_velocity: 1.0
 * /driver/thruster/max_engine_change: 15.0
 * /driver/thruster/max_linear_velocity: 1.0
 * /driver/thruster/thruster_left_pin: 0
 * /driver/thruster/thruster_right_pin: 1
 * /filter/batteries_filter/filter_mean_width: 2
 * /filter/batteries_filter/filter_median_size: 6
 * /filter/batteries_filter/frequency: 0.2
 * /filter/depth_filter/filter_mean_half_width: 2
 * /filter/depth_filter/filter_mean_width_velocity: 6
 * /filter/depth_filter/filter_velocity_mean_half_width: 2
 * /filter/depth_filter/filter_window_size: 6
 * /filter/depth_filter/frequency: 25
 * /filter/depth_filter/velocity_dt_sample: 5
 * /filter/depth_filter/velocity_limit: 0.5
 * /filter/depth_filter/zero_depth_pressure: 1.024
 * /filter/depth_filter/zero_depth_window_size: 100
 * /filter/internal_sensor_filter/filter_mean_width: 2
 * /filter/internal_sensor_filter/filter_median_size: 6
 * /filter/internal_sensor_filter/frequency: 5
 * /filter/lambert/frequency: 5
 * /filter/lambert/nb_sample_between_heading: 150
 * /filter/lambert/nb_sample_mean: 6
 * /filter/temperature_filter/filter_mean_width: 2
 * /filter/temperature_filter/filter_mean_width_velocity: 5
 * /filter/temperature_filter/filter_median_size: 6
 * /filter/temperature_filter/frequency: 5
 * /filter/temperature_filter/velocity_delta_size: 5
 * /filter/temperature_filter/velocity_limit: 2.0
 * /iridium/debug: False
 * /iridium/depth_surface_limit: 0.5
 * /iridium/duration_between_msg: 60
 * /iridium/enable_gnss_iridium: False
 * /iridium/wait_time_surface: 10
 * /kalman/enable_depth: 0.5
 * /kalman/estimated_first_error_equilibrium_tick: 250
 * /kalman/frequency: 25.0
 * /kalman/gamma_alpha_chi2: 0.001
 * /kalman/gamma_alpha_chi: 0.001
 * /kalman/gamma_alpha_cz: 0.001
 * /kalman/gamma_alpha_depth: 1e-05
 * /kalman/gamma_alpha_offset: 0.05
 * /kalman/gamma_alpha_velocity: 0.001
 * /kalman/gamma_beta_depth: 0.001
 * /kalman/gamma_init_chi2: 30.0
 * /kalman/gamma_init_chi: 30.0
 * /kalman/gamma_init_cz: 0.1
 * /kalman/gamma_init_depth: 0.01
 * /kalman/gamma_init_offset: 2400.0
 * /kalman/gamma_init_velocity: 0.1
 * /mission/approach_velocity_default: 1.0
 * /mission/flash_time_next_waypoint: 3
 * /mission/frequency: 1.0
 * /mission/limit_velocity_default: 0.02
 * /mission_file_name: mission_depth_onl...
 * /physics/diam_collerette: 0.24
 * /physics/g: 9.81
 * /physics/m: 18.0
 * /physics/piston_diameter: 0.05
 * /physics/piston_max_value: 2400.0
 * /physics/piston_ref_eq: 2100
 * /physics/piston_speed_max_tick: 20
 * /physics/rho: 1020.0
 * /physics/screw_thread: 0.00175
 * /physics/tick_per_turn: 48
 * /regulation/depth_controller/delta_position_lb: -0.001
 * /regulation/depth_controller/delta_position_ub: 0.001
 * /regulation/depth_controller/delta_velocity_lb: -0.01
 * /regulation/depth_controller/delta_velocity_ub: 0.01
 * /regulation/depth_controller/divider_frequency: 5
 * /regulation/depth_controller/frequency: 25.0
 * /regulation/depth_controller/hold_depth_enable: False
 * /regulation/depth_controller/hold_depth_value_enter: 0.05
 * /regulation/depth_controller/hold_depth_value_exit: 0.0
 * /regulation/depth_controller/hysteresis_piston: 0.6
 * /regulation/depth_controller/limit_depth_controller: 0.5
 * /regulation/depth_controller/root_regulation: -0.2
 * /regulation/depth_controller/speed_volume_sink: 2.0
 * /regulation/waypoint/coeff_D: 0.2
 * /regulation/waypoint/coeff_P: 0.8
 * /regulation/waypoint/delta_valid_time: 3.0
 * /regulation/waypoint/depth_limit_switch_off: 0.5
 * /regulation/waypoint/frequency: 10.0
 * /regulation/waypoint/hysteresis_circle_in: 2.0
 * /regulation/waypoint/hysteresis_circle_out: 4.0
 * /regulation/waypoint/linear_speed: 1.3
 * /regulation/waypoint/max_angular_velocity: 1.0
 * /rosdistro: melodic
 * /rosversion: 1.14.5
 * /safety/battery_limit: 10.0
 * /safety/delta_ref_allowed: 10.0
 * /safety/delta_volume_allowed: 1.0
 * /safety/enable_flash: True
 * /safety/frequency: 1.0
 * /safety/humidity_limit: 70.0
 * /safety/internal_pressure_detection: True
 * /safety/limit_depth_flash_enable: 0.5
 * /safety/limit_piston_position_reset_depth: 3
 * /safety/max_depth_reset_zero: 1.0
 * /safety/max_speed_reset_zero: 0.1
 * /safety/pressure_internal_max: 850.0
 * /safety/pressure_limit: 6.2
 * /safety/safety_battery: True
 * /safety/safety_depressure: True
 * /safety/safety_pressure_limit: True
 * /safety/seafloor_detection: True
 * /safety/time_before_pressure_emergency: 3.0
 * /safety/time_before_seafloor_emergency: 20.0
 * /safety/time_delay_batteries_msg: 30.0
 * /safety/time_delay_depth_msg: 2.0
 * /safety/time_delay_euler_msg: 1.0
 * /safety/time_delay_external_sensor_msg: 2.0
 * /safety/time_delay_internal_sensor_msg: 2.0
 * /safety/time_delay_piston_state_msg: 2.0
 * /safety/time_delay_zero_depth_condition: 20
 * /safety/transition_tick_law: 650.0
 * /safety/volume_ref: 0.006

NODES
  /driver/
    gpsd_client (gpsd_client/gpsd_client)
    pressure_ext (pressure_7ld_driver/pressure_7ld_node.py)
    pressure_int (pressure_bme280_driver/bme280_node)
    temperature_ext (temperature_tsys01_driver/temperature_tsys01_node)
  /driver/piston/
    piston (seabot_piston_driver/piston_node)

auto-starting new master
process[master]: started with pid [13227]
ROS_MASTER_URI=http://localhost:11311

setting /run_id to 71a67496-9b7d-11ea-8efb-e84e064b777b
process[rosout-1]: started with pid [13238]
started core service [/rosout]
running rosparam dump ~/.ros/mission_config.yaml /
process[driver/piston/piston-2]: started with pid [13251]
process[driver/pressure_ext-3]: started with pid [13252]
process[driver/pressure_int-4]: started with pid [13253]
process[driver/temperature_ext-5]: started with pid [13259]
process[driver/gpsd_client-6]: started with pid [13260]
[ERROR] [1590077374.277963663]: [GPSD_Client] Failed to open GPSd
[ INFO] [1590077374.323046405]: [Temperature_TSYS01_driver] Start Ok
[driver/gpsd_client-6] process has died [pid 13260, exit code 255, cmd /home/pi/seabot/devel/lib/gpsd_client/gpsd_client __name:=gpsd_client __log:=/home/pi/.ros/log/71a67496-9b7d-11ea-8efb-e84e064b777b/driver-gpsd_client-6.log].
log file: /home/pi/.ros/log/71a67496-9b7d-11ea-8efb-e84e064b777b/driver-gpsd_client-6*.log
[ INFO] [1590077375.868397989]: [Pressure_BME280] Start Ok
[ INFO] [1590077405.722801999]: [Piston_driver] Start Ok
[WARN] [1590077838.260838]: Inbound TCP/IP connection failed: connection from sender terminated before handshake header received. 0 bytes were received. Please check sender for additional details.



